<?xml version="1.0" encoding="UTF-8"?>
<testng-results ignored="0" total="0" passed="0" failed="0" skipped="0">
  <reporter-output>
  </reporter-output>
  <suite started-at="2024-11-05T12:24:30 GMT" name="Default suite" finished-at="2024-11-05T12:24:30 GMT" duration-ms="11">
    <groups>
    </groups>
    <test started-at="2024-11-05T12:24:30 GMT" name="Default test" finished-at="2024-11-05T12:24:30 GMT" duration-ms="11">
    </test> <!-- Default test -->
  </suite> <!-- Default suite -->
</testng-results>
